2025-03-09 23:25:14,982 - ERROR - Error getting user ID for @APlusOptionsPro: 'set' object does not support item assignment
2025-03-09 23:25:14,983 - INFO - Twitter monitor started. Press Ctrl+C to stop.
2025-03-09 23:25:14,983 - ERROR - Unexpected error: 'set' object has no attribute 'items'
2025-03-09 23:27:37,858 - ERROR - Error getting user ID for @APlusOptionsPro: 429 Too Many Requests
Too Many Requests
2025-03-09 23:27:37,859 - INFO - Twitter monitor started. Press Ctrl+C to stop.
2025-03-09 23:27:37,859 - ERROR - Unexpected error: 'set' object has no attribute 'items'
2025-03-09 23:30:18,425 - INFO - Will monitor tweets from @APlusOptionsPro (ID: 1387542700463960067)
2025-03-09 23:30:18,426 - INFO - Twitter monitor started. Press Ctrl+C to stop.
2025-03-09 23:30:18,524 - INFO - No new tweets found for @APlusOptionsPro
2025-03-09 23:30:18,524 - INFO - Waiting 5 minutes before checking again...
2025-03-09 23:33:49,317 - INFO - Monitor stopped by user
2025-03-09 23:41:07,154 - INFO - Will monitor tweets from @APlusOptionsPro (ID: 1387542700463960067)
2025-03-09 23:41:07,154 - INFO - Twitter monitor started. Press Ctrl+C to stop.
2025-03-09 23:41:07,252 - WARNING - Rate limit exceeded. Sleeping for 252 seconds.
2025-03-09 23:45:19,361 - INFO - No new tweets found for @APlusOptionsPro
2025-03-09 23:45:19,363 - INFO - Waiting 5 minutes before checking again...
2025-03-09 23:48:15,310 - INFO - Monitor stopped by user
2025-03-09 23:48:40,325 - INFO - Will monitor tweets from @APlusOptionsPro (ID: 1387542700463960067)
2025-03-09 23:48:40,325 - INFO - Twitter monitor started. Press Ctrl+C to stop.
2025-03-09 23:48:40,424 - WARNING - Rate limit exceeded. Sleeping for 700 seconds.
2025-03-09 23:49:41,082 - INFO - Monitor stopped by user
